08:44:53.613 INFO  - Project 'basic_system_hw_platform' created. You can now create BSPs and application projects targeting this hardware platform. 
08:45:29.358 INFO  - FPGA configured successfully with bitstream "D:/work/lprs2/2013_2014/Resene_vezbe/lab56/basic_system/SDK/SDK_Workspace/basic_system_hw_platform/download.bit" 
09:12:40.940 INFO  - Saving repository preferences. 
09:12:40.942 INFO  - Reading in cores from global repositories: 
		 D:\work\lprs2\2013_2014\Resene_vezbe\lab56 
09:12:40.947 INFO  - Updating libgen.options on all BSP projects. 
09:12:40.948 INFO  - Cleaning BSP projects in the workspace. 
09:14:22.175 INFO  - Saving repository preferences. 
09:14:22.178 INFO  - Reading in cores from local repositories: 
		 D:\work\lprs2\2013_2014\Resene_vezbe\lab56\basic_system\pcores 
09:14:22.187 INFO  - Updating libgen.options on all BSP projects. 
09:14:22.189 INFO  - Cleaning BSP projects in the workspace. 
10:20:50.218 INFO  - Project basic_system_hw_platform's source hardware specification located at D:\work\lprs2\2013_2014\Resene_vezbe\lab56\basic_system\SDK\SDK_Export\hw\system.xml is now different from the local copy.
		 The local copy will be replaced with the source specification and your workspace will be updated. 
10:20:58.641 INFO  - Copied contents of D:\work\lprs2\2013_2014\Resene_vezbe\lab56\basic_system\SDK\SDK_Export\hw\system.xml into \basic_system_hw_platform\system.xml. 
10:20:58.647 INFO  - Copied contents of D:\work\lprs2\2013_2014\Resene_vezbe\lab56\basic_system\SDK\SDK_Export\hw\system.bit into \basic_system_hw_platform\system.bit. 
10:20:58.649 INFO  - Copied contents of D:\work\lprs2\2013_2014\Resene_vezbe\lab56\basic_system\SDK\SDK_Export\hw\system_bd.bmm into \basic_system_hw_platform\system_bd.bmm. 
10:20:58.937 INFO  - Synchronizing projects in the workspace with the hardware platform specification changes. 
10:21:00.535 INFO  - Updating hardware inferred compiler options for hello_world. 
10:21:00.565 INFO  - Clearing existing target manager status. 
10:21:00.566 INFO  - Closing and re-opening the MSS file of ther project hello_world_bsp 
10:21:01.745 INFO  - Workspace synchronized with the new hardware specification file. Cleaning dependent projects... 
10:21:22.252 INFO  - FPGA configured successfully with bitstream "D:/work/lprs2/2013_2014/Resene_vezbe/lab56/basic_system/SDK/SDK_Workspace/basic_system_hw_platform/download.bit" 
11:12:41.053 INFO  - Project basic_system_hw_platform's source hardware specification located at D:\work\lprs2\2013_2014\Resene_vezbe\lab56\basic_system\SDK\SDK_Export\hw\system.xml is now different from the local copy.
		 The local copy will be replaced with the source specification and your workspace will be updated. 
11:13:00.178 INFO  - Copied contents of D:\work\lprs2\2013_2014\Resene_vezbe\lab56\basic_system\SDK\SDK_Export\hw\system.xml into \basic_system_hw_platform\system.xml. 
11:13:00.185 INFO  - Copied contents of D:\work\lprs2\2013_2014\Resene_vezbe\lab56\basic_system\SDK\SDK_Export\hw\system.bit into \basic_system_hw_platform\system.bit. 
11:13:00.188 INFO  - Copied contents of D:\work\lprs2\2013_2014\Resene_vezbe\lab56\basic_system\SDK\SDK_Export\hw\system_bd.bmm into \basic_system_hw_platform\system_bd.bmm. 
11:13:00.696 INFO  - Synchronizing projects in the workspace with the hardware platform specification changes. 
11:13:01.462 INFO  - Updating MSS for Board Support Package Project: hello_world_bsp.
		 The following driver assignments were removed:
			Peripheral Instance: vga_periph_0, driver: generic_v1_00_a.
		 The following new driver assignments were made:
			Peripheral Instance: vga_periph_mem_0, driver: generic_v1_00_a.
 
11:13:02.245 INFO  - Updating hardware inferred compiler options for hello_world. 
11:13:02.246 INFO  - Clearing existing target manager status. 
11:13:02.247 INFO  - Closing and re-opening the MSS file of ther project hello_world_bsp 
11:13:03.421 INFO  - Workspace synchronized with the new hardware specification file. Cleaning dependent projects... 
11:29:41.953 INFO  - Project basic_system_hw_platform's source hardware specification located at D:\work\lprs2\2013_2014\Resene_vezbe\lab56\basic_system\SDK\SDK_Export\hw\system.xml is now different from the local copy.
		 The local copy will be replaced with the source specification and your workspace will be updated. 
11:29:48.055 INFO  - Copied contents of D:\work\lprs2\2013_2014\Resene_vezbe\lab56\basic_system\SDK\SDK_Export\hw\system.xml into \basic_system_hw_platform\system.xml. 
11:29:48.062 INFO  - Copied contents of D:\work\lprs2\2013_2014\Resene_vezbe\lab56\basic_system\SDK\SDK_Export\hw\system.bit into \basic_system_hw_platform\system.bit. 
11:29:48.065 INFO  - Copied contents of D:\work\lprs2\2013_2014\Resene_vezbe\lab56\basic_system\SDK\SDK_Export\hw\system_bd.bmm into \basic_system_hw_platform\system_bd.bmm. 
11:29:48.345 INFO  - Synchronizing projects in the workspace with the hardware platform specification changes. 
11:29:49.956 INFO  - Updating hardware inferred compiler options for hello_world. 
11:29:50.005 INFO  - Clearing existing target manager status. 
11:29:50.005 INFO  - Closing and re-opening the MSS file of ther project hello_world_bsp 
11:29:51.181 INFO  - Workspace synchronized with the new hardware specification file. Cleaning dependent projects... 
11:30:12.494 INFO  - FPGA configured successfully with bitstream "D:/work/lprs2/2013_2014/Resene_vezbe/lab56/basic_system/SDK/SDK_Workspace/basic_system_hw_platform/download.bit" 
11:49:15.795 INFO  - Updating .bit and .bmm files from XPS's export folder. 
11:49:17.124 INFO  - Copied contents of D:\work\lprs2\2013_2014\Resene_vezbe\lab56\basic_system\SDK\SDK_Export\hw\system.bit into \basic_system_hw_platform\system.bit. 
11:49:17.127 INFO  - Copied contents of D:\work\lprs2\2013_2014\Resene_vezbe\lab56\basic_system\SDK\SDK_Export\hw\system_bd.bmm into \basic_system_hw_platform\system_bd.bmm. 
11:49:35.456 INFO  - FPGA configured successfully with bitstream "D:/work/lprs2/2013_2014/Resene_vezbe/lab56/basic_system/SDK/SDK_Workspace/basic_system_hw_platform/download.bit" 
13:48:02.945 INFO  - Updating .bit and .bmm files from XPS's export folder. 
13:48:06.532 INFO  - Copied contents of D:\work\lprs2\2013_2014\Resene_vezbe\lab56\basic_system\SDK\SDK_Export\hw\system.bit into \basic_system_hw_platform\system.bit. 
13:48:06.536 INFO  - Copied contents of D:\work\lprs2\2013_2014\Resene_vezbe\lab56\basic_system\SDK\SDK_Export\hw\system_bd.bmm into \basic_system_hw_platform\system_bd.bmm. 
13:48:23.182 INFO  - FPGA configured successfully with bitstream "D:/work/lprs2/2013_2014/Resene_vezbe/lab56/basic_system/SDK/SDK_Workspace/basic_system_hw_platform/download.bit" 
13:50:49.565 INFO  - FPGA configured successfully with bitstream "D:/work/lprs2/2013_2014/Resene_vezbe/lab56/basic_system/SDK/SDK_Workspace/basic_system_hw_platform/download.bit" 
13:51:46.892 INFO  - FPGA configured successfully with bitstream "D:/work/lprs2/2013_2014/Resene_vezbe/lab56/basic_system/SDK/SDK_Workspace/basic_system_hw_platform/download.bit" 
13:52:19.025 INFO  - FPGA configured successfully with bitstream "D:/work/lprs2/2013_2014/Resene_vezbe/lab56/basic_system/SDK/SDK_Workspace/basic_system_hw_platform/download.bit" 
13:53:55.309 INFO  - FPGA configured successfully with bitstream "D:/work/lprs2/2013_2014/Resene_vezbe/lab56/basic_system/SDK/SDK_Workspace/basic_system_hw_platform/download.bit" 
14:13:56.924 INFO  - Project basic_system_hw_platform's source hardware specification located at D:\work\lprs2\2013_2014\Resene_vezbe\lab56\basic_system\SDK\SDK_Export\hw\system.xml is now different from the local copy.
		 The local copy will be replaced with the source specification and your workspace will be updated. 
14:14:20.614 INFO  - Copied contents of D:\work\lprs2\2013_2014\Resene_vezbe\lab56\basic_system\SDK\SDK_Export\hw\system.xml into \basic_system_hw_platform\system.xml. 
14:14:20.618 INFO  - Copied contents of D:\work\lprs2\2013_2014\Resene_vezbe\lab56\basic_system\SDK\SDK_Export\hw\system.bit into \basic_system_hw_platform\system.bit. 
14:14:20.620 INFO  - Copied contents of D:\work\lprs2\2013_2014\Resene_vezbe\lab56\basic_system\SDK\SDK_Export\hw\system_bd.bmm into \basic_system_hw_platform\system_bd.bmm. 
14:14:20.912 INFO  - Synchronizing projects in the workspace with the hardware platform specification changes. 
14:14:22.453 INFO  - Updating hardware inferred compiler options for hello_world. 
14:14:22.455 INFO  - Clearing existing target manager status. 
14:14:22.455 INFO  - Closing and re-opening the MSS file of ther project hello_world_bsp 
14:14:23.627 INFO  - Workspace synchronized with the new hardware specification file. Cleaning dependent projects... 
14:15:05.263 INFO  - FPGA configured successfully with bitstream "D:/work/lprs2/2013_2014/Resene_vezbe/lab56/basic_system/SDK/SDK_Workspace/basic_system_hw_platform/download.bit" 
14:20:22.405 INFO  - Updating .bit and .bmm files from XPS's export folder. 
14:20:24.494 INFO  - Copied contents of D:\work\lprs2\2013_2014\Resene_vezbe\lab56\basic_system\SDK\SDK_Export\hw\system.bit into \basic_system_hw_platform\system.bit. 
14:20:24.497 INFO  - Copied contents of D:\work\lprs2\2013_2014\Resene_vezbe\lab56\basic_system\SDK\SDK_Export\hw\system_bd.bmm into \basic_system_hw_platform\system_bd.bmm. 
14:20:39.871 INFO  - FPGA configured successfully with bitstream "D:/work/lprs2/2013_2014/Resene_vezbe/lab56/basic_system/SDK/SDK_Workspace/basic_system_hw_platform/download.bit" 
14:28:08.588 INFO  - FPGA configured successfully with bitstream "D:/work/lprs2/2013_2014/Resene_vezbe/lab56/basic_system/SDK/SDK_Workspace/basic_system_hw_platform/download.bit" 
14:33:12.049 INFO  - FPGA configured successfully with bitstream "D:/work/lprs2/2013_2014/Resene_vezbe/lab56/basic_system/SDK/SDK_Workspace/basic_system_hw_platform/download.bit" 
14:41:31.698 INFO  - Updating .bit and .bmm files from XPS's export folder. 
14:41:33.069 INFO  - Copied contents of D:\work\lprs2\2013_2014\Resene_vezbe\lab56\basic_system\SDK\SDK_Export\hw\system.bit into \basic_system_hw_platform\system.bit. 
14:41:33.072 INFO  - Copied contents of D:\work\lprs2\2013_2014\Resene_vezbe\lab56\basic_system\SDK\SDK_Export\hw\system_bd.bmm into \basic_system_hw_platform\system_bd.bmm. 
14:42:14.443 INFO  - FPGA configured successfully with bitstream "D:/work/lprs2/2013_2014/Resene_vezbe/lab56/basic_system/SDK/SDK_Workspace/basic_system_hw_platform/download.bit" 
14:52:24.180 INFO  - Updating .bit and .bmm files from XPS's export folder. 
14:52:28.565 INFO  - Copied contents of D:\work\lprs2\2013_2014\Resene_vezbe\lab56\basic_system\SDK\SDK_Export\hw\system.bit into \basic_system_hw_platform\system.bit. 
14:52:28.575 INFO  - Copied contents of D:\work\lprs2\2013_2014\Resene_vezbe\lab56\basic_system\SDK\SDK_Export\hw\system_bd.bmm into \basic_system_hw_platform\system_bd.bmm. 
14:52:41.579 INFO  - FPGA configured successfully with bitstream "D:/work/lprs2/2013_2014/Resene_vezbe/lab56/basic_system/SDK/SDK_Workspace/basic_system_hw_platform/download.bit" 
14:58:50.736 INFO  - Updating .bit and .bmm files from XPS's export folder. 
14:58:52.773 INFO  - Copied contents of D:\work\lprs2\2013_2014\Resene_vezbe\lab56\basic_system\SDK\SDK_Export\hw\system.bit into \basic_system_hw_platform\system.bit. 
14:58:52.777 INFO  - Copied contents of D:\work\lprs2\2013_2014\Resene_vezbe\lab56\basic_system\SDK\SDK_Export\hw\system_bd.bmm into \basic_system_hw_platform\system_bd.bmm. 
14:59:07.267 INFO  - FPGA configured successfully with bitstream "D:/work/lprs2/2013_2014/Resene_vezbe/lab56/basic_system/SDK/SDK_Workspace/basic_system_hw_platform/download.bit" 
15:04:56.224 INFO  - Updating .bit and .bmm files from XPS's export folder. 
15:04:57.689 INFO  - Copied contents of D:\work\lprs2\2013_2014\Resene_vezbe\lab56\basic_system\SDK\SDK_Export\hw\system.bit into \basic_system_hw_platform\system.bit. 
15:04:57.691 INFO  - Copied contents of D:\work\lprs2\2013_2014\Resene_vezbe\lab56\basic_system\SDK\SDK_Export\hw\system_bd.bmm into \basic_system_hw_platform\system_bd.bmm. 
15:05:08.672 INFO  - FPGA configured successfully with bitstream "D:/work/lprs2/2013_2014/Resene_vezbe/lab56/basic_system/SDK/SDK_Workspace/basic_system_hw_platform/download.bit" 
15:25:24.620 INFO  - Updating .bit and .bmm files from XPS's export folder. 
15:25:30.347 INFO  - Copied contents of D:\work\lprs2\2013_2014\Resene_vezbe\lab56\basic_system\SDK\SDK_Export\hw\system.bit into \basic_system_hw_platform\system.bit. 
15:25:30.351 INFO  - Copied contents of D:\work\lprs2\2013_2014\Resene_vezbe\lab56\basic_system\SDK\SDK_Export\hw\system_bd.bmm into \basic_system_hw_platform\system_bd.bmm. 
15:25:43.495 INFO  - FPGA configured successfully with bitstream "D:/work/lprs2/2013_2014/Resene_vezbe/lab56/basic_system/SDK/SDK_Workspace/basic_system_hw_platform/download.bit" 
15:43:36.753 INFO  - Updating .bit and .bmm files from XPS's export folder. 
15:43:38.947 INFO  - Copied contents of D:\work\lprs2\2013_2014\Resene_vezbe\lab56\basic_system\SDK\SDK_Export\hw\system.bit into \basic_system_hw_platform\system.bit. 
15:43:38.950 INFO  - Copied contents of D:\work\lprs2\2013_2014\Resene_vezbe\lab56\basic_system\SDK\SDK_Export\hw\system_bd.bmm into \basic_system_hw_platform\system_bd.bmm. 
15:43:56.424 INFO  - FPGA configured successfully with bitstream "D:/work/lprs2/2013_2014/Resene_vezbe/lab56/basic_system/SDK/SDK_Workspace/basic_system_hw_platform/download.bit" 
09:01:25.990 INFO  - FPGA configured successfully with bitstream "D:/work/lprs2/2013_2014/Resene_vezbe/lab56/basic_system/SDK/SDK_Workspace/basic_system_hw_platform/download.bit" 
09:14:34.380 ERROR - Unexpected error while parsing XMD response ?: com.google.gson.JsonSyntaxException: com.google.gson.stream.MalformedJsonException: invalid number or unquoted string near  
09:14:54.209 INFO  - Restoring local repository preferences: 
		 D:\work\lprs2\2013_2014\Resene_vezbe\lab56\basic_system\pcores 
09:15:23.771 INFO  - Saving repository preferences. 
09:15:26.363 INFO  - Saving repository preferences. 
09:15:26.919 INFO  - Saving repository preferences. 
09:26:48.223 ERROR - Unable to read in MSS file D:\work\lprs2\2013_2014\Resene_vezbe\lab56\basic_system\SDK\SDK_Workspace\hello_world_bsp\system.mss. 
09:27:40.760 INFO  - Saving repository preferences. 
09:27:40.762 INFO  - Updating libgen.options on all BSP projects. 
09:27:40.764 INFO  - Cleaning BSP projects in the workspace. 
09:27:41.087 ERROR - Unable to read in MSS file D:\work\lprs2\2013_2014\Resene_vezbe\lab56\basic_system\SDK\SDK_Workspace\hello_world_bsp\system.mss. 
09:28:59.623 INFO  - Saving repository preferences. 
09:28:59.626 INFO  - Reading in cores from local repositories: 
		 D:\work\lprs2\2013_2014\Resene_vezbe\lab56 
09:28:59.636 INFO  - Updating libgen.options on all BSP projects. 
09:28:59.639 INFO  - Cleaning BSP projects in the workspace. 
09:29:28.380 INFO  - Settings changed on project hello_world_bsp. Triggering a rebuild... 
09:29:28.620 INFO  - Refreshed build settings on project hello_world 
09:29:47.883 INFO  - Settings changed on project hello_world_bsp. Triggering a rebuild... 
09:29:48.122 INFO  - Refreshed build settings on project hello_world 
09:34:45.378 INFO  - FPGA configured successfully with bitstream "D:/work/lprs2/2013_2014/Resene_vezbe/lab56/basic_system/SDK/SDK_Workspace/basic_system_hw_platform/download.bit" 
09:36:36.385 INFO  - Settings changed on project hello_world_bsp. Triggering a rebuild... 
09:36:36.629 INFO  - Refreshed build settings on project hello_world 
09:37:05.460 INFO  - Saving repository preferences. 
09:37:05.462 INFO  - Updating libgen.options on all BSP projects. 
09:37:05.464 INFO  - Cleaning BSP projects in the workspace. 
09:38:39.243 INFO  - Saving repository preferences. 
09:38:39.246 INFO  - Reading in cores from local repositories: 
		 D:\work\lprs2\2013_2014\Resene_vezbe\lab56\basic_system 
09:38:39.298 INFO  - Updating libgen.options on all BSP projects. 
09:38:39.299 INFO  - Cleaning BSP projects in the workspace. 
09:39:04.731 INFO  - Settings changed on project hello_world_bsp. Triggering a rebuild... 
09:39:04.953 INFO  - Refreshed build settings on project hello_world 
10:33:44.745 ERROR - Unexpected error while parsing XMD response ?: com.google.gson.JsonSyntaxException: com.google.gson.stream.MalformedJsonException: invalid number or unquoted string near  
10:36:10.473 ERROR - Unexpected error while parsing XMD response ?: com.google.gson.JsonSyntaxException: com.google.gson.stream.MalformedJsonException: invalid number or unquoted string near  
10:54:54.068 INFO  - Restoring local repository preferences: 
		 D:\work\lprs2\2013_2014\Resene_vezbe\lab56\basic_system 
10:54:54.119 ERROR - Unable to read in MSS file D:\RA31-2016\LPRS2\lab5\SDK\SDK_Workspace\hello_world_bsp\system.mss. 
10:55:51.966 ERROR - Unable to read in MSS file D:\RA31-2016\LPRS2\lab5\SDK\SDK_Workspace\hello_world_bsp\system.mss. 
10:55:51.977 ERROR - Unable to read in MSS file D:\RA31-2016\LPRS2\lab5\SDK\SDK_Workspace\hello_world_bsp\system.mss. 
10:55:52.230 WARN  - Unable to determine location of documentation for OS . 
10:55:52.234 ERROR - Unable to read in MSS file D:\RA31-2016\LPRS2\lab5\SDK\SDK_Workspace\hello_world_bsp\system.mss. 
10:55:52.241 ERROR - Unable to read in MSS file D:\RA31-2016\LPRS2\lab5\SDK\SDK_Workspace\hello_world_bsp\system.mss. 
10:56:37.065 ERROR - Unable to read in MSS file D:\RA31-2016\LPRS2\lab5\SDK\SDK_Workspace\hello_world_bsp\system.mss. 
10:56:37.070 ERROR - Unable to read in MSS file D:\RA31-2016\LPRS2\lab5\SDK\SDK_Workspace\hello_world_bsp\system.mss. 
10:56:37.071 WARN  - Unable to determine location of documentation for OS . 
10:56:37.074 ERROR - Unable to read in MSS file D:\RA31-2016\LPRS2\lab5\SDK\SDK_Workspace\hello_world_bsp\system.mss. 
10:56:37.078 ERROR - Unable to read in MSS file D:\RA31-2016\LPRS2\lab5\SDK\SDK_Workspace\hello_world_bsp\system.mss. 
10:56:39.154 ERROR - Unable to read in MSS file D:\RA31-2016\LPRS2\lab5\SDK\SDK_Workspace\hello_world_bsp\system.mss. 
10:56:58.392 ERROR - Unable to read in MSS file D:\RA31-2016\LPRS2\lab5\SDK\SDK_Workspace\hello_world_bsp\system.mss. 
10:56:58.398 ERROR - Unable to read in MSS file D:\RA31-2016\LPRS2\lab5\SDK\SDK_Workspace\hello_world_bsp\system.mss. 
10:56:58.399 WARN  - Unable to determine location of documentation for OS . 
10:56:58.402 ERROR - Unable to read in MSS file D:\RA31-2016\LPRS2\lab5\SDK\SDK_Workspace\hello_world_bsp\system.mss. 
10:56:58.407 ERROR - Unable to read in MSS file D:\RA31-2016\LPRS2\lab5\SDK\SDK_Workspace\hello_world_bsp\system.mss. 
10:57:09.423 ERROR - Unable to read in MSS file D:\RA31-2016\LPRS2\lab5\SDK\SDK_Workspace\hello_world_bsp\system.mss. 
10:57:09.686 ERROR - Unable to read in MSS file D:\RA31-2016\LPRS2\lab5\SDK\SDK_Workspace\hello_world_bsp\system.mss. 
10:57:09.710 ERROR - Unable to read in MSS file D:\RA31-2016\LPRS2\lab5\SDK\SDK_Workspace\hello_world_bsp\system.mss. 
10:57:09.747 ERROR - Unable to read in MSS file D:\RA31-2016\LPRS2\lab5\SDK\SDK_Workspace\hello_world_bsp\system.mss. 
10:57:10.473 ERROR - Unable to read in MSS file D:\RA31-2016\LPRS2\lab5\SDK\SDK_Workspace\hello_world_bsp\system.mss. 
10:57:10.529 ERROR - Unable to read in MSS file D:\RA31-2016\LPRS2\lab5\SDK\SDK_Workspace\hello_world_bsp\system.mss. 
10:57:10.535 ERROR - Unable to read in MSS file D:\RA31-2016\LPRS2\lab5\SDK\SDK_Workspace\hello_world_bsp\system.mss. 
10:58:02.461 INFO  - Settings changed on project hello_world_bsp. Triggering a rebuild... 
11:03:06.324 INFO  - FPGA configured successfully with bitstream "D:/RA31-2016/LPRS2/lab5/SDK/SDK_Workspace/basic_system_hw_platform/download.bit" 
11:05:42.032 INFO  - FPGA configured successfully with bitstream "D:/RA31-2016/LPRS2/lab5/SDK/SDK_Workspace/basic_system_hw_platform/download.bit" 
11:28:08.176 INFO  - FPGA configured successfully with bitstream "D:/RA31-2016/LPRS2/lab5/SDK/SDK_Workspace/basic_system_hw_platform/download.bit" 
11:30:12.871 INFO  - FPGA configured successfully with bitstream "D:/RA31-2016/LPRS2/lab5/SDK/SDK_Workspace/basic_system_hw_platform/download.bit" 
11:32:50.356 INFO  - FPGA configured successfully with bitstream "D:/RA31-2016/LPRS2/lab5/SDK/SDK_Workspace/basic_system_hw_platform/download.bit" 
11:33:10.673 INFO  - FPGA configured successfully with bitstream "D:/RA31-2016/LPRS2/lab5/SDK/SDK_Workspace/basic_system_hw_platform/download.bit" 
11:33:34.651 INFO  - FPGA configured successfully with bitstream "D:/RA31-2016/LPRS2/lab5/SDK/SDK_Workspace/basic_system_hw_platform/download.bit" 
11:40:13.445 INFO  - FPGA configured successfully with bitstream "D:/RA31-2016/LPRS2/lab5/SDK/SDK_Workspace/basic_system_hw_platform/download.bit" 
11:40:30.307 INFO  - FPGA configured successfully with bitstream "D:/RA31-2016/LPRS2/lab5/SDK/SDK_Workspace/basic_system_hw_platform/download.bit" 
11:40:58.304 INFO  - FPGA configured successfully with bitstream "D:/RA31-2016/LPRS2/lab5/SDK/SDK_Workspace/basic_system_hw_platform/download.bit" 
11:41:12.063 INFO  - FPGA configured successfully with bitstream "D:/RA31-2016/LPRS2/lab5/SDK/SDK_Workspace/basic_system_hw_platform/download.bit" 
11:41:27.445 INFO  - FPGA configured successfully with bitstream "D:/RA31-2016/LPRS2/lab5/SDK/SDK_Workspace/basic_system_hw_platform/download.bit" 
11:42:33.640 INFO  - FPGA configured successfully with bitstream "D:/RA31-2016/LPRS2/lab5/SDK/SDK_Workspace/basic_system_hw_platform/download.bit" 
11:42:50.274 INFO  - FPGA configured successfully with bitstream "D:/RA31-2016/LPRS2/lab5/SDK/SDK_Workspace/basic_system_hw_platform/download.bit" 
11:49:01.074 ERROR - Unexpected error while launching program. java.lang.RuntimeException: Invalid Target ID
    Target '0' Does NOT exist in the Current System


	at com.xilinx.sdk.targetmanager.internal.TM.continueExecution(Unknown Source)
	at com.xilinx.sdk.debug.core.internal.AppRunner.run(Unknown Source)

11:49:05.812 INFO  - FPGA configured successfully with bitstream "D:/RA31-2016/LPRS2/lab5/SDK/SDK_Workspace/basic_system_hw_platform/download.bit" 
11:51:43.888 INFO  - FPGA configured successfully with bitstream "D:/RA31-2016/LPRS2/lab5/SDK/SDK_Workspace/basic_system_hw_platform/download.bit" 
11:52:14.479 INFO  - FPGA configured successfully with bitstream "D:/RA31-2016/LPRS2/lab5/SDK/SDK_Workspace/basic_system_hw_platform/download.bit" 
11:53:01.498 INFO  - FPGA configured successfully with bitstream "D:/RA31-2016/LPRS2/lab5/SDK/SDK_Workspace/basic_system_hw_platform/download.bit" 
11:53:21.996 INFO  - FPGA configured successfully with bitstream "D:/RA31-2016/LPRS2/lab5/SDK/SDK_Workspace/basic_system_hw_platform/download.bit" 
11:53:41.297 INFO  - FPGA configured successfully with bitstream "D:/RA31-2016/LPRS2/lab5/SDK/SDK_Workspace/basic_system_hw_platform/download.bit" 
11:54:38.207 INFO  - FPGA configured successfully with bitstream "D:/RA31-2016/LPRS2/lab5/SDK/SDK_Workspace/basic_system_hw_platform/download.bit" 
11:55:10.646 INFO  - FPGA configured successfully with bitstream "D:/RA31-2016/LPRS2/lab5/SDK/SDK_Workspace/basic_system_hw_platform/download.bit" 
11:55:47.171 INFO  - FPGA configured successfully with bitstream "D:/RA31-2016/LPRS2/lab5/SDK/SDK_Workspace/basic_system_hw_platform/download.bit" 
11:58:31.669 INFO  - FPGA configured successfully with bitstream "D:/RA31-2016/LPRS2/lab5/SDK/SDK_Workspace/basic_system_hw_platform/download.bit" 
11:59:25.007 INFO  - FPGA configured successfully with bitstream "D:/RA31-2016/LPRS2/lab5/SDK/SDK_Workspace/basic_system_hw_platform/download.bit" 
11:59:41.558 INFO  - FPGA configured successfully with bitstream "D:/RA31-2016/LPRS2/lab5/SDK/SDK_Workspace/basic_system_hw_platform/download.bit" 
12:00:29.658 INFO  - FPGA configured successfully with bitstream "D:/RA31-2016/LPRS2/lab5/SDK/SDK_Workspace/basic_system_hw_platform/download.bit" 
12:02:45.253 INFO  - FPGA configured successfully with bitstream "D:/RA31-2016/LPRS2/lab5/SDK/SDK_Workspace/basic_system_hw_platform/download.bit" 
12:03:14.758 INFO  - FPGA configured successfully with bitstream "D:/RA31-2016/LPRS2/lab5/SDK/SDK_Workspace/basic_system_hw_platform/download.bit" 
12:03:48.253 INFO  - FPGA configured successfully with bitstream "D:/RA31-2016/LPRS2/lab5/SDK/SDK_Workspace/basic_system_hw_platform/download.bit" 
12:04:21.648 INFO  - FPGA configured successfully with bitstream "D:/RA31-2016/LPRS2/lab5/SDK/SDK_Workspace/basic_system_hw_platform/download.bit" 
12:06:35.739 INFO  - FPGA configured successfully with bitstream "D:/RA31-2016/LPRS2/lab5/SDK/SDK_Workspace/basic_system_hw_platform/download.bit" 
12:12:38.210 ERROR - Unexpected error while parsing XMD response ?: com.google.gson.JsonSyntaxException: com.google.gson.stream.MalformedJsonException: invalid number or unquoted string near  
13:48:45.115 INFO  - Processing command line option -hwspec D:\RA31-2016\LPRS2\EthernetTest\lab5\SDK\SDK_Export\hw\system.xml. 
13:48:47.990 INFO  - The hardware specification for project 'basic_system_hw_platform' is different from D:\RA31-2016\LPRS2\EthernetTest\lab5\SDK\SDK_Export\hw\system.xml. 
13:48:48.055 INFO  - Copied contents of D:\RA31-2016\LPRS2\EthernetTest\lab5\SDK\SDK_Export\hw\system.xml into \basic_system_hw_platform\system.xml. 
13:48:48.059 INFO  - Copied contents of D:\RA31-2016\LPRS2\EthernetTest\lab5\SDK\SDK_Export\hw\system.bit into \basic_system_hw_platform\system.bit. 
13:48:48.061 INFO  - Copied contents of D:\RA31-2016\LPRS2\EthernetTest\lab5\SDK\SDK_Export\hw\system_bd.bmm into \basic_system_hw_platform\system_bd.bmm. 
13:48:48.651 INFO  - Synchronizing projects in the workspace with the hardware platform specification changes. 
13:48:49.963 INFO  - Restoring local repository preferences: 
		 D:\work\lprs2\2013_2014\Resene_vezbe\lab56\basic_system 
13:48:50.115 INFO  - Updating MSS for Board Support Package Project: hello_world_bsp.
		 The following new driver assignments were made:
			Peripheral Instance: axi_ethernetlite_0, driver: emaclite_v3_04_a.
			Peripheral Instance: axi_intc_0, driver: intc_v2_06_a.
 
13:48:51.061 INFO  - Updating hardware inferred compiler options for hello_world. 
13:48:51.076 INFO  - Clearing existing target manager status. 
13:48:53.593 INFO  - Workspace synchronized with the new hardware specification file. Cleaning dependent projects... 
13:49:12.477 ERROR - Unexpected error while parsing XMD response ?: com.google.gson.JsonSyntaxException: com.google.gson.stream.MalformedJsonException: invalid number or unquoted string near  
10:48:11.048 INFO  - Project basic_system_hw_platform's source hardware specification located at D:\RA31-2016\LPRS2\EthernetTest\lab5\SDK\SDK_Export\hw\system.xml is now different from the local copy.
		 The local copy will be replaced with the source specification and your workspace will be updated. 
10:48:17.803 INFO  - Project basic_system_hw_platform's source hardware specification location will not be monitored anymore. 
10:48:19.403 INFO  - Restoring local repository preferences: 
		 D:\work\lprs2\2013_2014\Resene_vezbe\lab56\basic_system 
10:50:22.927 INFO  - Restoring local repository preferences: 
		 D:\work\lprs2\2013_2014\Resene_vezbe\lab56\basic_system 
10:58:44.776 INFO  - Restoring local repository preferences: 
		 D:\work\lprs2\2013_2014\Resene_vezbe\lab56\basic_system 
11:04:56.431 INFO  - Processing command line option -hwspec D:\RA31-2016\LPRS2\lab5-old\SDK\SDK_Export\hw\system.xml. 
11:04:56.576 INFO  - The hardware specification for project 'basic_system_hw_platform' is different from D:\RA31-2016\LPRS2\lab5-old\SDK\SDK_Export\hw\system.xml. 
11:04:56.663 INFO  - Copied contents of D:\RA31-2016\LPRS2\lab5-old\SDK\SDK_Export\hw\system.xml into \basic_system_hw_platform\system.xml. 
11:04:56.670 INFO  - Copied contents of D:\RA31-2016\LPRS2\lab5-old\SDK\SDK_Export\hw\system.bit into \basic_system_hw_platform\system.bit. 
11:04:56.672 INFO  - Copied contents of D:\RA31-2016\LPRS2\lab5-old\SDK\SDK_Export\hw\system_bd.bmm into \basic_system_hw_platform\system_bd.bmm. 
11:04:56.957 INFO  - Synchronizing projects in the workspace with the hardware platform specification changes. 
11:04:57.793 INFO  - Restoring local repository preferences: 
		 D:\work\lprs2\2013_2014\Resene_vezbe\lab56\basic_system 
11:04:57.801 INFO  - Updating MSS for Board Support Package Project: hello_world_bsp.
		 The following driver assignments were removed:
			Peripheral Instance: axi_ethernetlite_0, driver: emaclite_v3_04_a.
			Peripheral Instance: axi_intc_0, driver: intc_v2_06_a.
 
11:04:58.677 INFO  - Updating hardware inferred compiler options for hello_world. 
11:04:58.696 INFO  - Clearing existing target manager status. 
11:05:41.104 INFO  - FPGA configured successfully with bitstream "D:/RA31-2016/LPRS2/lab5-old/SDK/SDK_Workspace/basic_system_hw_platform/download.bit" 
11:06:26.107 INFO  - FPGA configured successfully with bitstream "D:/RA31-2016/LPRS2/lab5-old/SDK/SDK_Workspace/basic_system_hw_platform/download.bit" 
11:08:24.954 INFO  - FPGA configured successfully with bitstream "D:/RA31-2016/LPRS2/lab5-old/SDK/SDK_Workspace/basic_system_hw_platform/download.bit" 
11:09:00.183 INFO  - FPGA configured successfully with bitstream "D:/RA31-2016/LPRS2/lab5-old/SDK/SDK_Workspace/basic_system_hw_platform/download.bit" 
11:09:31.347 INFO  - FPGA configured successfully with bitstream "D:/RA31-2016/LPRS2/lab5-old/SDK/SDK_Workspace/basic_system_hw_platform/download.bit" 
11:11:59.853 INFO  - FPGA configured successfully with bitstream "D:/RA31-2016/LPRS2/lab5-old/SDK/SDK_Workspace/basic_system_hw_platform/download.bit" 
11:12:21.573 INFO  - FPGA configured successfully with bitstream "D:/RA31-2016/LPRS2/lab5-old/SDK/SDK_Workspace/basic_system_hw_platform/download.bit" 
11:12:41.005 INFO  - FPGA configured successfully with bitstream "D:/RA31-2016/LPRS2/lab5-old/SDK/SDK_Workspace/basic_system_hw_platform/download.bit" 
11:12:56.266 INFO  - FPGA configured successfully with bitstream "D:/RA31-2016/LPRS2/lab5-old/SDK/SDK_Workspace/basic_system_hw_platform/download.bit" 
11:13:13.895 INFO  - FPGA configured successfully with bitstream "D:/RA31-2016/LPRS2/lab5-old/SDK/SDK_Workspace/basic_system_hw_platform/download.bit" 
11:13:39.371 INFO  - FPGA configured successfully with bitstream "D:/RA31-2016/LPRS2/lab5-old/SDK/SDK_Workspace/basic_system_hw_platform/download.bit" 
11:14:04.907 INFO  - FPGA configured successfully with bitstream "D:/RA31-2016/LPRS2/lab5-old/SDK/SDK_Workspace/basic_system_hw_platform/download.bit" 
11:14:28.854 ERROR - Unexpected error while parsing XMD response ?: com.google.gson.JsonSyntaxException: com.google.gson.stream.MalformedJsonException: invalid number or unquoted string near  
11:17:00.260 INFO  - FPGA configured successfully with bitstream "D:/RA31-2016/LPRS2/lab5-old/SDK/SDK_Workspace/basic_system_hw_platform/download.bit" 
11:17:36.640 INFO  - FPGA configured successfully with bitstream "D:/RA31-2016/LPRS2/lab5-old/SDK/SDK_Workspace/basic_system_hw_platform/download.bit" 
11:17:49.021 INFO  - FPGA configured successfully with bitstream "D:/RA31-2016/LPRS2/lab5-old/SDK/SDK_Workspace/basic_system_hw_platform/download.bit" 
11:18:17.347 INFO  - FPGA configured successfully with bitstream "D:/RA31-2016/LPRS2/lab5-old/SDK/SDK_Workspace/basic_system_hw_platform/download.bit" 
11:19:00.858 INFO  - FPGA configured successfully with bitstream "D:/RA31-2016/LPRS2/lab5-old/SDK/SDK_Workspace/basic_system_hw_platform/download.bit" 
11:20:53.741 INFO  - FPGA configured successfully with bitstream "D:/RA31-2016/LPRS2/lab5-old/SDK/SDK_Workspace/basic_system_hw_platform/download.bit" 
11:22:26.369 ERROR - Unexpected error while parsing XMD response ?: com.google.gson.JsonSyntaxException: com.google.gson.stream.MalformedJsonException: invalid number or unquoted string near  
11:23:48.484 INFO  - FPGA configured successfully with bitstream "D:/RA31-2016/LPRS2/lab5-old/SDK/SDK_Workspace/basic_system_hw_platform/download.bit" 
11:24:20.003 INFO  - FPGA configured successfully with bitstream "D:/RA31-2016/LPRS2/lab5-old/SDK/SDK_Workspace/basic_system_hw_platform/download.bit" 
11:39:21.923 INFO  - Restoring local repository preferences: 
		 D:\work\lprs2\2013_2014\Resene_vezbe\lab56\basic_system 
12:08:50.426 ERROR - Unexpected error while parsing XMD response ?: com.google.gson.JsonSyntaxException: com.google.gson.stream.MalformedJsonException: invalid number or unquoted string near  
13:07:37.100 INFO  - Processing command line option -hwspec D:\RA31-2016\LPRS2\lwiptest\SDK\SDK_Export\hw\system.xml. 
13:07:38.360 INFO  - The hardware specification for project 'basic_system_hw_platform' is different from D:\RA31-2016\LPRS2\lwiptest\SDK\SDK_Export\hw\system.xml. 
13:07:38.372 INFO  - Copied contents of D:\RA31-2016\LPRS2\lwiptest\SDK\SDK_Export\hw\system.xml into \basic_system_hw_platform\system.xml. 
13:07:38.391 INFO  - Copied contents of D:\RA31-2016\LPRS2\lwiptest\SDK\SDK_Export\hw\system.bit into \basic_system_hw_platform\system.bit. 
13:07:38.393 INFO  - Copied contents of D:\RA31-2016\LPRS2\lwiptest\SDK\SDK_Export\hw\system_bd.bmm into \basic_system_hw_platform\system_bd.bmm. 
13:07:38.656 INFO  - Synchronizing projects in the workspace with the hardware platform specification changes. 
13:07:39.683 INFO  - Restoring local repository preferences: 
		 D:\work\lprs2\2013_2014\Resene_vezbe\lab56\basic_system 
13:07:39.791 INFO  - Updating MSS for Board Support Package Project: hello_world_bsp.
		 The following driver assignments were removed:
			Peripheral Instance: my_peripheral_0, driver: generic_v1_00_a.
			Peripheral Instance: rs232, driver: uartlite_v2_01_a.
			Peripheral Instance: vga_periph_mem_0, driver: generic_v1_00_a.
		 The following parameters were removed:
			Component: standalone_v3_10_a, parameter: stdin.
			Component: standalone_v3_10_a, parameter: stdout.
		 The following new driver assignments were made:
			Peripheral Instance: axi_ethernetlite_0, driver: emaclite_v3_04_a.
			Peripheral Instance: axi_intc_0, driver: intc_v2_06_a.
			Peripheral Instance: axi_timer_0, driver: tmrctr_v2_05_a.
			Peripheral Instance: axi_uartlite_0, driver: uartlite_v2_01_a.
 
13:07:40.941 INFO  - Updating hardware inferred compiler options for hello_world. 
13:07:40.954 INFO  - Clearing existing target manager status. 
13:07:43.245 INFO  - Workspace synchronized with the new hardware specification file. Cleaning dependent projects... 
13:07:51.171 ERROR - Unexpected error while parsing XMD response ?: com.google.gson.JsonSyntaxException: com.google.gson.stream.MalformedJsonException: invalid number or unquoted string near  
13:33:12.503 INFO  - Restoring local repository preferences: 
		 D:\work\lprs2\2013_2014\Resene_vezbe\lab56\basic_system 
11:00:32.203 INFO  - Restoring local repository preferences: 
		 D:\work\lprs2\2013_2014\Resene_vezbe\lab56\basic_system 
11:02:02.168 INFO  - Processing command line option -hwspec D:\RA31-2016\LPRS2\lab5-old\SDK\SDK_Export\hw\system.xml. 
11:02:03.031 INFO  - The hardware specification for project 'basic_system_hw_platform' is different from D:\RA31-2016\LPRS2\lab5-old\SDK\SDK_Export\hw\system.xml. 
11:02:03.044 INFO  - Copied contents of D:\RA31-2016\LPRS2\lab5-old\SDK\SDK_Export\hw\system.xml into \basic_system_hw_platform\system.xml. 
11:02:03.067 INFO  - Copied contents of D:\RA31-2016\LPRS2\lab5-old\SDK\SDK_Export\hw\system.bit into \basic_system_hw_platform\system.bit. 
11:02:03.076 INFO  - Copied contents of D:\RA31-2016\LPRS2\lab5-old\SDK\SDK_Export\hw\system_bd.bmm into \basic_system_hw_platform\system_bd.bmm. 
11:02:03.372 INFO  - Synchronizing projects in the workspace with the hardware platform specification changes. 
11:02:04.442 INFO  - Restoring local repository preferences: 
		 D:\work\lprs2\2013_2014\Resene_vezbe\lab56\basic_system 
11:02:04.550 INFO  - Updating MSS for Board Support Package Project: hello_world_bsp.
		 The following driver assignments were removed:
			Peripheral Instance: axi_ethernetlite_0, driver: emaclite_v3_04_a.
			Peripheral Instance: axi_intc_0, driver: intc_v2_06_a.
			Peripheral Instance: axi_timer_0, driver: tmrctr_v2_05_a.
			Peripheral Instance: axi_uartlite_0, driver: uartlite_v2_01_a.
		 The following new driver assignments were made:
			Peripheral Instance: my_peripheral_0, driver: generic_v1_00_a.
			Peripheral Instance: rs232, driver: uartlite_v2_01_a.
			Peripheral Instance: vga_periph_mem_0, driver: generic_v1_00_a.
 
11:02:05.728 INFO  - Updating hardware inferred compiler options for hello_world. 
11:02:05.760 INFO  - Clearing existing target manager status. 
11:02:09.185 INFO  - Workspace synchronized with the new hardware specification file. Cleaning dependent projects... 
11:02:37.263 ERROR - Unexpected error while parsing XMD response ?: com.google.gson.JsonSyntaxException: com.google.gson.stream.MalformedJsonException: invalid number or unquoted string near  
11:32:02.020 INFO  - Processing command line option -hwspec D:\RA31-2016\LPRS2\lab5-old\SDK\SDK_Export\hw\system.xml. 
11:32:02.120 INFO  - The hardware specification for project 'basic_system_hw_platform' is different from D:\RA31-2016\LPRS2\lab5-old\SDK\SDK_Export\hw\system.xml. 
11:32:02.136 INFO  - Copied contents of D:\RA31-2016\LPRS2\lab5-old\SDK\SDK_Export\hw\system.xml into \basic_system_hw_platform\system.xml. 
11:32:02.140 INFO  - Copied contents of D:\RA31-2016\LPRS2\lab5-old\SDK\SDK_Export\hw\system.bit into \basic_system_hw_platform\system.bit. 
11:32:02.141 INFO  - Copied contents of D:\RA31-2016\LPRS2\lab5-old\SDK\SDK_Export\hw\system_bd.bmm into \basic_system_hw_platform\system_bd.bmm. 
11:32:02.425 INFO  - Synchronizing projects in the workspace with the hardware platform specification changes. 
11:32:03.360 INFO  - Updating MSS for Board Support Package Project: hello_world_bsp.
		 The following new driver assignments were made:
			Peripheral Instance: axi_intc_0, driver: intc_v2_06_a.
 
11:32:04.118 INFO  - Updating MSS for Board Support Package Project: test_bsp.
		 The following new driver assignments were made:
			Peripheral Instance: axi_intc_0, driver: intc_v2_06_a.
 
11:32:11.227 INFO  - Updating hardware inferred compiler options for hello_world. 
11:32:12.045 INFO  - Updating hardware inferred compiler options for test. 
11:32:12.067 INFO  - Clearing existing target manager status. 
11:32:13.229 INFO  - Closing and re-opening the MSS file of ther project test_bsp 
11:32:14.571 INFO  - Workspace synchronized with the new hardware specification file. Cleaning dependent projects... 
11:34:44.422 INFO  - Successfully generated D:\RA31-2016\LPRS2\lab5-old\SDK\SDK_Workspace\hello_world\src\lscript.ld. 
11:34:44.423 INFO  - Applying linker script to all configurations of project hello_world. 
11:34:44.423 INFO  - Setting rebuild state to true for all configurations of project hello_world. 
11:35:42.858 INFO  - Settings changed on project hello_world_bsp. Triggering a rebuild... 
11:35:43.182 INFO  - Refreshed build settings on project hello_world 
11:36:41.924 INFO  - FPGA configured successfully with bitstream "D:/RA31-2016/LPRS2/lab5-old/SDK/SDK_Workspace/basic_system_hw_platform/download.bit" 
11:43:50.899 INFO  - microblaze_0 Processor is in use. Please stop existing Run or Debug sessions before launching. 
11:44:19.844 INFO  - Settings changed on project hello_world_bsp. Triggering a rebuild... 
11:44:20.119 INFO  - Refreshed build settings on project hello_world 
11:44:48.586 INFO  - Settings changed on project hello_world_bsp. Triggering a rebuild... 
11:44:48.864 INFO  - Refreshed build settings on project hello_world 
11:46:08.525 INFO  - microblaze_0 Processor is in use. Please stop existing Run or Debug sessions before launching. 
11:46:29.806 INFO  - microblaze_0 Processor is in use. Please stop existing Run or Debug sessions before launching. 
11:47:06.384 INFO  - microblaze_0 Processor is in use. Please stop existing Run or Debug sessions before launching. 
11:47:24.310 WARN  - Terminating existing sessions on processor microblaze_0 
11:47:25.628 INFO  - FPGA configured successfully with bitstream "D:/RA31-2016/LPRS2/lab5-old/SDK/SDK_Workspace/basic_system_hw_platform/download.bit" 
11:47:50.244 INFO  - FPGA configured successfully with bitstream "D:/RA31-2016/LPRS2/lab5-old/SDK/SDK_Workspace/basic_system_hw_platform/download.bit" 
11:48:08.177 INFO  - FPGA configured successfully with bitstream "D:/RA31-2016/LPRS2/lab5-old/SDK/SDK_Workspace/basic_system_hw_platform/download.bit" 
11:49:06.711 INFO  - microblaze_0 Processor is in use. Please stop existing Run or Debug sessions before launching. 
11:49:13.460 INFO  - microblaze_0 Processor is in use. Please stop existing Run or Debug sessions before launching. 
11:49:35.029 INFO  - microblaze_0 Processor is in use. Please stop existing Run or Debug sessions before launching. 
11:49:50.090 INFO  - microblaze_0 Processor is in use. Please stop existing Run or Debug sessions before launching. 
11:51:39.109 ERROR - Unable to disconnect from existing targets java.lang.NullPointerException
	at com.xilinx.sdk.targetmanager.internal.json.XMDJSONProcess.issueCommand(Unknown Source)
	at com.xilinx.sdk.targetmanager.internal.TM.disconnectTarget(Unknown Source)

11:51:43.337 ERROR - Unexpected error while fetching XMD's response:  java.net.SocketException: Connection reset
	at java.net.SocketInputStream.read(Unknown Source)
	at sun.nio.cs.StreamDecoder.readBytes(Unknown Source)

11:51:43.342 ERROR - Zero sized response read from XMD. This indicates a communication error or a programming error. 
11:55:05.505 WARN  - Terminating existing sessions on processor microblaze_0 
11:55:06.852 INFO  - FPGA configured successfully with bitstream "D:/RA31-2016/LPRS2/lab5-old/SDK/SDK_Workspace/basic_system_hw_platform/download.bit" 
11:55:37.320 ERROR - Unexpected error while launching program. java.lang.RuntimeException: No Target with ID 0 in the System


	at com.xilinx.sdk.targetmanager.internal.TM.setResetOnRun(Unknown Source)
	at com.xilinx.sdk.debug.core.internal.AppRunner.run(Unknown Source)

11:55:38.425 INFO  - FPGA configured successfully with bitstream "D:/RA31-2016/LPRS2/lab5-old/SDK/SDK_Workspace/basic_system_hw_platform/download.bit" 
11:56:47.146 INFO  - microblaze_0 Processor is in use. Please stop existing Run or Debug sessions before launching. 
11:56:53.016 INFO  - microblaze_0 Processor is in use. Please stop existing Run or Debug sessions before launching. 
11:57:42.611 INFO  - microblaze_0 Processor is in use. Please stop existing Run or Debug sessions before launching. 
11:58:09.665 INFO  - microblaze_0 Processor is in use. Please stop existing Run or Debug sessions before launching. 
11:58:19.302 INFO  - microblaze_0 Processor is in use. Please stop existing Run or Debug sessions before launching. 
11:58:44.066 WARN  - Terminating existing sessions on processor microblaze_0 
11:58:45.366 INFO  - FPGA configured successfully with bitstream "D:/RA31-2016/LPRS2/lab5-old/SDK/SDK_Workspace/basic_system_hw_platform/download.bit" 
12:00:09.621 INFO  - Time out for XMD transaction is 60000
If you want to increase the timeout value, goto Windows-> Preferences -> Xilinx SDK -> XMD Startup 
12:00:09.621 ERROR - Timeout occured while waiting to get reply for command "targets 0" 
12:00:09.623 ERROR - Unexpected error while launching program. java.lang.RuntimeException: 
	at com.xilinx.sdk.targetmanager.internal.TM.setResetOnRun(Unknown Source)
	at com.xilinx.sdk.debug.core.internal.AppRunner.run(Unknown Source)

12:00:34.129 WARN  - Terminating existing sessions on processor microblaze_0 
12:00:34.249 INFO  - microblaze_0 Processor is in use. Please stop existing Run or Debug sessions before launching. 
12:00:35.349 ERROR - Unexpected error while launching program. java.lang.RuntimeException: No Active System

	at com.xilinx.sdk.targetmanager.internal.TM.stop(Unknown Source)
	at com.xilinx.sdk.targetmanager.internal.CPURunSession.terminate(Unknown Source)

12:00:45.947 WARN  - Terminating existing sessions on processor microblaze_0 
12:00:57.006 WARN  - Terminating existing sessions on processor microblaze_0 
12:01:05.286 WARN  - Terminating existing sessions on processor microblaze_0 
12:01:14.821 WARN  - Terminating existing sessions on processor microblaze_0 
12:01:18.241 ERROR - Unexpected error while parsing XMD response ?: com.google.gson.JsonSyntaxException: com.google.gson.stream.MalformedJsonException: invalid number or unquoted string near  
12:01:41.720 INFO  - FPGA configured successfully with bitstream "D:/RA31-2016/LPRS2/lab5-old/SDK/SDK_Workspace/basic_system_hw_platform/download.bit" 
12:02:58.844 ERROR - Unexpected error while parsing XMD response ?: com.google.gson.JsonSyntaxException: com.google.gson.stream.MalformedJsonException: invalid number or unquoted string near  
